e:\gitrepositories\bwlib\x64\release\databasefile\bwlib.pch
e:\gitrepositories\bwlib\x64\release\netsockettcp.obj
e:\gitrepositories\bwlib\x64\release\netaddress.obj
e:\gitrepositories\bwlib\x64\release\netsocketudp.obj
e:\gitrepositories\bwlib\x64\release\bwphysik3d.obj
e:\gitrepositories\bwlib\x64\release\bwnet.obj
e:\gitrepositories\bwlib\x64\release\bwfloat.obj
e:\gitrepositories\bwlib\x64\release\bwdouble.obj
e:\gitrepositories\bwlib\x64\release\vector4.obj
e:\gitrepositories\bwlib\x64\release\vector3.obj
e:\gitrepositories\bwlib\x64\release\vector2.obj
e:\gitrepositories\bwlib\x64\release\quaternion.obj
e:\gitrepositories\bwlib\x64\release\bwmath.obj
e:\gitrepositories\bwlib\x64\release\bwphysik2d.obj
e:\gitrepositories\bwlib\x64\release\bwphysik.obj
e:\gitrepositories\bwlib\library\bwlib.lib
e:\gitrepositories\bwlib\x64\release\bwlib.tlog\cl.command.1.tlog
e:\gitrepositories\bwlib\x64\release\bwlib.tlog\cl.read.1.tlog
e:\gitrepositories\bwlib\x64\release\bwlib.tlog\cl.write.1.tlog
e:\gitrepositories\bwlib\x64\release\bwlib.tlog\lib-link.read.1.tlog
e:\gitrepositories\bwlib\x64\release\bwlib.tlog\lib-link.write.1.tlog
e:\gitrepositories\bwlib\x64\release\bwlib.tlog\lib.command.1.tlog
