C:\Program Files (x86)\Microsoft Visual Studio\2017\Community\MSBuild\15.0\Bin\Microsoft.Common.CurrentVersion.targets(1879,5): warning : The referenced project '..\Rendering\Rendering.vcxproj' does not exist.
  Quaternion.cpp
  Vector2.cpp
  Vector3.cpp
  Vector4.cpp
  BWFloat.cpp
e:\gitrepositories\bwlib\include\networking\bwfloat.cpp(68): warning C4267: 'initializing': conversion from 'size_t' to 'int', possible loss of data
e:\gitrepositories\bwlib\include\networking\bwfloat.cpp(68): warning C4267: 'initializing': conversion from 'size_t' to 'const int', possible loss of data
e:\gitrepositories\bwlib\include\networking\bwfloat.cpp(90): warning C4244: '=': conversion from 'double' to 'int', possible loss of data
e:\gitrepositories\bwlib\include\networking\bwfloat.cpp(99): warning C4244: '=': conversion from 'double' to 'int', possible loss of data
e:\gitrepositories\bwlib\include\networking\bwfloat.cpp(141): warning C4267: 'initializing': conversion from 'size_t' to 'int', possible loss of data
e:\gitrepositories\bwlib\include\networking\bwfloat.cpp(141): warning C4267: 'initializing': conversion from 'size_t' to 'const int', possible loss of data
e:\gitrepositories\bwlib\include\networking\bwfloat.cpp(150): warning C4244: '*=': conversion from 'double' to 'int', possible loss of data
e:\gitrepositories\bwlib\include\networking\bwfloat.cpp(222): warning C4554: '<<': check operator precedence for possible error; use parentheses to clarify precedence
  Generating Code...
e:\gitrepositories\bwlib\include\networking\bwfloat.cpp(271): warning C4717: 'BWFloat::operator BWDouble': recursive on all control paths, function will cause runtime stack overflow
e:\gitrepositories\bwlib\include\networking\bwfloat.cpp(279): warning C4717: 'BWFloat::operator double': recursive on all control paths, function will cause runtime stack overflow
e:\gitrepositories\bwlib\include\networking\bwfloat.cpp(275): warning C4717: 'BWFloat::operator float': recursive on all control paths, function will cause runtime stack overflow
e:\gitrepositories\bwlib\include\networking\bwfloat.cpp(283): warning C4717: 'BWFloat::operator int': recursive on all control paths, function will cause runtime stack overflow
  BWLib.vcxproj -> E:\GitRepositories\BWLib\library\BWLib.lib
